# JRE version: Java(TM) SE Runtime Environment (8.0_171-b11) (build 1.8.0_171-b11)
# Java VM: Java HotSpot(TM) 64-Bit Server VM (25.171-b11 mixed mode linux-amd64 compressed oops)
Heap:
 PSYoungGen      total 27648K, used 4192K [0x00000000e1d80000, 0x00000000e3c00000, 0x0000000100000000)
  eden space 24064K, 2% used [0x00000000e1d80000,0x00000000e1e198b8,0x00000000e3500000)
  from space 3584K, 99% used [0x00000000e3500000,0x00000000e387e7d0,0x00000000e3880000)
  to   space 3584K, 0% used [0x00000000e3880000,0x00000000e3880000,0x00000000e3c00000)
 ParOldGen       total 62976K, used 1184K [0x00000000a5800000, 0x00000000a9580000, 0x00000000e1d80000)
  object space 62976K, 1% used [0x00000000a5800000,0x00000000a5928310,0x00000000a9580000)
 Metaspace       used 19367K, capacity 19698K, committed 19968K, reserved 1067008K
  class space    used 2362K, capacity 2461K, committed 2560K, reserved 1048576K
GC Heap History (6 events):
Event: 8.633 GC heap before
{Heap before GC invocations=1 (full 0):
 PSYoungGen      total 27648K, used 24064K [0x00000000e1d80000, 0x00000000e3c00000, 0x0000000100000000)
  eden space 24064K, 100% used [0x00000000e1d80000,0x00000000e3500000,0x00000000e3500000)
  from space 3584K, 0% used [0x00000000e3880000,0x00000000e3880000,0x00000000e3c00000)
  to   space 3584K, 0% used [0x00000000e3500000,0x00000000e3500000,0x00000000e3880000)
 ParOldGen       total 62976K, used 0K [0x00000000a5800000, 0x00000000a9580000, 0x00000000e1d80000)
  object space 62976K, 0% used [0x00000000a5800000,0x00000000a5800000,0x00000000a9580000)
 Metaspace       used 18767K, capacity 19010K, committed 19328K, reserved 1067008K
  class space    used 2319K, capacity 2421K, committed 2432K, reserved 1048576K
Event: 8.640 GC heap after
Heap after GC invocations=1 (full 0):
 PSYoungGen      total 27648K, used 3578K [0x00000000e1d80000, 0x00000000e3c00000, 0x0000000100000000)
  eden space 24064K, 0% used [0x00000000e1d80000,0x00000000e1d80000,0x00000000e3500000)
  from space 3584K, 99% used [0x00000000e3500000,0x00000000e387e800,0x00000000e3880000)
  to   space 3584K, 0% used [0x00000000e3880000,0x00000000e3880000,0x00000000e3c00000)
 ParOldGen       total 62976K, used 608K [0x00000000a5800000, 0x00000000a9580000, 0x00000000e1d80000)
  object space 62976K, 0% used [0x00000000a5800000,0x00000000a5898300,0x00000000a9580000)
 Metaspace       used 18767K, capacity 19010K, committed 19328K, reserved 1067008K
  class space    used 2319K, capacity 2421K, committed 2432K, reserved 1048576K
}
Event: 16.604 GC heap before
{Heap before GC invocations=2 (full 0):
 PSYoungGen      total 27648K, used 27642K [0x00000000e1d80000, 0x00000000e3c00000, 0x0000000100000000)
  eden space 24064K, 100% used [0x00000000e1d80000,0x00000000e3500000,0x00000000e3500000)
  from space 3584K, 99% used [0x00000000e3500000,0x00000000e387e800,0x00000000e3880000)
  to   space 3584K, 0% used [0x00000000e3880000,0x00000000e3880000,0x00000000e3c00000)
 ParOldGen       total 62976K, used 608K [0x00000000a5800000, 0x00000000a9580000, 0x00000000e1d80000)
  object space 62976K, 0% used [0x00000000a5800000,0x00000000a5898300,0x00000000a9580000)
 Metaspace       used 19262K, capacity 19570K, committed 19712K, reserved 1067008K
  class space    used 2360K, capacity 2461K, committed 2560K, reserved 1048576K
Event: 16.610 GC heap after
Heap after GC invocations=2 (full 0):
 PSYoungGen      total 27648K, used 3564K [0x00000000e1d80000, 0x00000000e3c00000, 0x0000000100000000)
  eden space 24064K, 0% used [0x00000000e1d80000,0x00000000e1d80000,0x00000000e3500000)
  from space 3584K, 99% used [0x00000000e3880000,0x00000000e3bfb010,0x00000000e3c00000)
  to   space 3584K, 0% used [0x00000000e3500000,0x00000000e3500000,0x00000000e3880000)
 ParOldGen       total 62976K, used 920K [0x00000000a5800000, 0x00000000a9580000, 0x00000000e1d80000)
  object space 62976K, 1% used [0x00000000a5800000,0x00000000a58e6310,0x00000000a9580000)
 Metaspace       used 19262K, capacity 19570K, committed 19712K, reserved 1067008K
  class space    used 2360K, capacity 2461K, committed 2560K, reserved 1048576K
}
Event: 23.618 GC heap before
{Heap before GC invocations=3 (full 0):
 PSYoungGen      total 27648K, used 27628K [0x00000000e1d80000, 0x00000000e3c00000, 0x0000000100000000)
  eden space 24064K, 100% used [0x00000000e1d80000,0x00000000e3500000,0x00000000e3500000)
  from space 3584K, 99% used [0x00000000e3880000,0x00000000e3bfb010,0x00000000e3c00000)
  to   space 3584K, 0% used [0x00000000e3500000,0x00000000e3500000,0x00000000e3880000)
 ParOldGen       total 62976K, used 920K [0x00000000a5800000, 0x00000000a9580000, 0x00000000e1d80000)
  object space 62976K, 1% used [0x00000000a5800000,0x00000000a58e6310,0x00000000a9580000)
 Metaspace       used 19367K, capacity 19698K, committed 19968K, reserved 1067008K
  class space    used 2362K, capacity 2461K, committed 2560K, reserved 1048576K
Event: 23.644 GC heap after
Heap after GC invocations=3 (full 0):
 PSYoungGen      total 27648K, used 3577K [0x00000000e1d80000, 0x00000000e3c00000, 0x0000000100000000)
  eden space 24064K, 0% used [0x00000000e1d80000,0x00000000e1d80000,0x00000000e3500000)
  from space 3584K, 99% used [0x00000000e3500000,0x00000000e387e7d0,0x00000000e3880000)
  to   space 3584K, 0% used [0x00000000e3880000,0x00000000e3880000,0x00000000e3c00000)
 ParOldGen       total 62976K, used 1184K [0x00000000a5800000, 0x00000000a9580000, 0x00000000e1d80000)
  object space 62976K, 1% used [0x00000000a5800000,0x00000000a5928310,0x00000000a9580000)
 Metaspace       used 19367K, capacity 19698K, committed 19968K, reserved 1067008K
  class space    used 2362K, capacity 2461K, committed 2560K, reserved 1048576K
}

