# JRE version: Java(TM) SE Runtime Environment (8.0_171-b11) (build 1.8.0_171-b11)
# Java VM: Java HotSpot(TM) 64-Bit Server VM (25.171-b11 mixed mode linux-amd64 compressed oops)
Heap:
 PSYoungGen      total 27136K, used 3800K [0x00000000e1d80000, 0x00000000e3d80000, 0x0000000100000000)
  eden space 23552K, 1% used [0x00000000e1d80000,0x00000000e1dbb378,0x00000000e3480000)
  from space 3584K, 99% used [0x00000000e3500000,0x00000000e387b010,0x00000000e3880000)
  to   space 4608K, 0% used [0x00000000e3900000,0x00000000e3900000,0x00000000e3d80000)
 ParOldGen       total 62976K, used 2067K [0x00000000a5800000, 0x00000000a9580000, 0x00000000e1d80000)
  object space 62976K, 3% used [0x00000000a5800000,0x00000000a5a04cb0,0x00000000a9580000)
 Metaspace       used 20049K, capacity 20352K, committed 20480K, reserved 1067008K
  class space    used 2418K, capacity 2526K, committed 2560K, reserved 1048576K
GC Heap History (10 events):
Event: 13.490 GC heap before
{Heap before GC invocations=1 (full 0):
 PSYoungGen      total 27648K, used 24064K [0x00000000e1d80000, 0x00000000e3c00000, 0x0000000100000000)
  eden space 24064K, 100% used [0x00000000e1d80000,0x00000000e3500000,0x00000000e3500000)
  from space 3584K, 0% used [0x00000000e3880000,0x00000000e3880000,0x00000000e3c00000)
  to   space 3584K, 0% used [0x00000000e3500000,0x00000000e3500000,0x00000000e3880000)
 ParOldGen       total 62976K, used 0K [0x00000000a5800000, 0x00000000a9580000, 0x00000000e1d80000)
  object space 62976K, 0% used [0x00000000a5800000,0x00000000a5800000,0x00000000a9580000)
 Metaspace       used 19243K, capacity 19460K, committed 19840K, reserved 1067008K
  class space    used 2363K, capacity 2420K, committed 2432K, reserved 1048576K
Event: 13.497 GC heap after
Heap after GC invocations=1 (full 0):
 PSYoungGen      total 27648K, used 3575K [0x00000000e1d80000, 0x00000000e3c00000, 0x0000000100000000)
  eden space 24064K, 0% used [0x00000000e1d80000,0x00000000e1d80000,0x00000000e3500000)
  from space 3584K, 99% used [0x00000000e3500000,0x00000000e387dfd0,0x00000000e3880000)
  to   space 3584K, 0% used [0x00000000e3880000,0x00000000e3880000,0x00000000e3c00000)
 ParOldGen       total 62976K, used 840K [0x00000000a5800000, 0x00000000a9580000, 0x00000000e1d80000)
  object space 62976K, 1% used [0x00000000a5800000,0x00000000a58d21a0,0x00000000a9580000)
 Metaspace       used 19243K, capacity 19460K, committed 19840K, reserved 1067008K
  class space    used 2363K, capacity 2420K, committed 2432K, reserved 1048576K
}
Event: 17.696 GC heap before
{Heap before GC invocations=2 (full 0):
 PSYoungGen      total 27648K, used 27639K [0x00000000e1d80000, 0x00000000e3c00000, 0x0000000100000000)
  eden space 24064K, 100% used [0x00000000e1d80000,0x00000000e3500000,0x00000000e3500000)
  from space 3584K, 99% used [0x00000000e3500000,0x00000000e387dfd0,0x00000000e3880000)
  to   space 3584K, 0% used [0x00000000e3880000,0x00000000e3880000,0x00000000e3c00000)
 ParOldGen       total 62976K, used 840K [0x00000000a5800000, 0x00000000a9580000, 0x00000000e1d80000)
  object space 62976K, 1% used [0x00000000a5800000,0x00000000a58d21a0,0x00000000a9580000)
 Metaspace       used 19770K, capacity 20090K, committed 20224K, reserved 1067008K
  class space    used 2416K, capacity 2525K, committed 2560K, reserved 1048576K
Event: 17.721 GC heap after
Heap after GC invocations=2 (full 0):
 PSYoungGen      total 27648K, used 3559K [0x00000000e1d80000, 0x00000000e3c00000, 0x0000000100000000)
  eden space 24064K, 0% used [0x00000000e1d80000,0x00000000e1d80000,0x00000000e3500000)
  from space 3584K, 99% used [0x00000000e3880000,0x00000000e3bf9fc0,0x00000000e3c00000)
  to   space 3584K, 0% used [0x00000000e3500000,0x00000000e3500000,0x00000000e3880000)
 ParOldGen       total 62976K, used 1443K [0x00000000a5800000, 0x00000000a9580000, 0x00000000e1d80000)
  object space 62976K, 2% used [0x00000000a5800000,0x00000000a5968ca0,0x00000000a9580000)
 Metaspace       used 19770K, capacity 20090K, committed 20224K, reserved 1067008K
  class space    used 2416K, capacity 2525K, committed 2560K, reserved 1048576K
}
Event: 36.193 GC heap before
{Heap before GC invocations=3 (full 0):
 PSYoungGen      total 27648K, used 27623K [0x00000000e1d80000, 0x00000000e3c00000, 0x0000000100000000)
  eden space 24064K, 100% used [0x00000000e1d80000,0x00000000e3500000,0x00000000e3500000)
  from space 3584K, 99% used [0x00000000e3880000,0x00000000e3bf9fc0,0x00000000e3c00000)
  to   space 3584K, 0% used [0x00000000e3500000,0x00000000e3500000,0x00000000e3880000)
 ParOldGen       total 62976K, used 1443K [0x00000000a5800000, 0x00000000a9580000, 0x00000000e1d80000)
  object space 62976K, 2% used [0x00000000a5800000,0x00000000a5968ca0,0x00000000a9580000)
 Metaspace       used 19931K, capacity 20282K, committed 20480K, reserved 1067008K
  class space    used 2418K, capacity 2525K, committed 2560K, reserved 1048576K
Event: 36.201 GC heap after
Heap after GC invocations=3 (full 0):
 PSYoungGen      total 27648K, used 3561K [0x00000000e1d80000, 0x00000000e3c00000, 0x0000000100000000)
  eden space 24064K, 0% used [0x00000000e1d80000,0x00000000e1d80000,0x00000000e3500000)
  from space 3584K, 99% used [0x00000000e3500000,0x00000000e387a7e0,0x00000000e3880000)
  to   space 3584K, 0% used [0x00000000e3880000,0x00000000e3880000,0x00000000e3c00000)
 ParOldGen       total 62976K, used 1779K [0x00000000a5800000, 0x00000000a9580000, 0x00000000e1d80000)
  object space 62976K, 2% used [0x00000000a5800000,0x00000000a59bccb0,0x00000000a9580000)
 Metaspace       used 19931K, capacity 20282K, committed 20480K, reserved 1067008K
  class space    used 2418K, capacity 2525K, committed 2560K, reserved 1048576K
}
Event: 43.372 GC heap before
{Heap before GC invocations=4 (full 0):
 PSYoungGen      total 27648K, used 27625K [0x00000000e1d80000, 0x00000000e3c00000, 0x0000000100000000)
  eden space 24064K, 100% used [0x00000000e1d80000,0x00000000e3500000,0x00000000e3500000)
  from space 3584K, 99% used [0x00000000e3500000,0x00000000e387a7e0,0x00000000e3880000)
  to   space 3584K, 0% used [0x00000000e3880000,0x00000000e3880000,0x00000000e3c00000)
 ParOldGen       total 62976K, used 1779K [0x00000000a5800000, 0x00000000a9580000, 0x00000000e1d80000)
  object space 62976K, 2% used [0x00000000a5800000,0x00000000a59bccb0,0x00000000a9580000)
 Metaspace       used 20006K, capacity 20352K, committed 20480K, reserved 1067008K
  class space    used 2418K, capacity 2526K, committed 2560K, reserved 1048576K
Event: 43.378 GC heap after
Heap after GC invocations=4 (full 0):
 PSYoungGen      total 27648K, used 3577K [0x00000000e1d80000, 0x00000000e3c00000, 0x0000000100000000)
  eden space 24064K, 0% used [0x00000000e1d80000,0x00000000e1d80000,0x00000000e3500000)
  from space 3584K, 99% used [0x00000000e3880000,0x00000000e3bfe7d0,0x00000000e3c00000)
  to   space 3584K, 0% used [0x00000000e3500000,0x00000000e3500000,0x00000000e3880000)
 ParOldGen       total 62976K, used 1915K [0x00000000a5800000, 0x00000000a9580000, 0x00000000e1d80000)
  object space 62976K, 3% used [0x00000000a5800000,0x00000000a59decb0,0x00000000a9580000)
 Metaspace       used 20006K, capacity 20352K, committed 20480K, reserved 1067008K
  class space    used 2418K, capacity 2526K, committed 2560K, reserved 1048576K
}
Event: 47.183 GC heap before
{Heap before GC invocations=5 (full 0):
 PSYoungGen      total 27648K, used 27641K [0x00000000e1d80000, 0x00000000e3c00000, 0x0000000100000000)
  eden space 24064K, 100% used [0x00000000e1d80000,0x00000000e3500000,0x00000000e3500000)
  from space 3584K, 99% used [0x00000000e3880000,0x00000000e3bfe7d0,0x00000000e3c00000)
  to   space 3584K, 0% used [0x00000000e3500000,0x00000000e3500000,0x00000000e3880000)
 ParOldGen       total 62976K, used 1915K [0x00000000a5800000, 0x00000000a9580000, 0x00000000e1d80000)
  object space 62976K, 3% used [0x00000000a5800000,0x00000000a59decb0,0x00000000a9580000)
 Metaspace       used 20049K, capacity 20352K, committed 20480K, reserved 1067008K
  class space    used 2418K, capacity 2526K, committed 2560K, reserved 1048576K
Event: 47.206 GC heap after
Heap after GC invocations=5 (full 0):
 PSYoungGen      total 27136K, used 3564K [0x00000000e1d80000, 0x00000000e3d80000, 0x0000000100000000)
  eden space 23552K, 0% used [0x00000000e1d80000,0x00000000e1d80000,0x00000000e3480000)
  from space 3584K, 99% used [0x00000000e3500000,0x00000000e387b010,0x00000000e3880000)
  to   space 4608K, 0% used [0x00000000e3900000,0x00000000e3900000,0x00000000e3d80000)
 ParOldGen       total 62976K, used 2067K [0x00000000a5800000, 0x00000000a9580000, 0x00000000e1d80000)
  object space 62976K, 3% used [0x00000000a5800000,0x00000000a5a04cb0,0x00000000a9580000)
 Metaspace       used 20049K, capacity 20352K, committed 20480K, reserved 1067008K
  class space    used 2418K, capacity 2526K, committed 2560K, reserved 1048576K
}

