# JRE version: Java(TM) SE Runtime Environment (8.0_171-b11) (build 1.8.0_171-b11)
# Java VM: Java HotSpot(TM) 64-Bit Server VM (25.171-b11 mixed mode linux-amd64 compressed oops)
Heap:
 PSYoungGen      total 98304K, used 1867K [0x00000000e1d80000, 0x00000000e8380000, 0x0000000100000000)
  eden space 93184K, 1% used [0x00000000e1d80000,0x00000000e1e82cd0,0x00000000e7880000)
  from space 5120K, 16% used [0x00000000e7e80000,0x00000000e7f50000,0x00000000e8380000)
  to   space 5632K, 0% used [0x00000000e7880000,0x00000000e7880000,0x00000000e7e00000)
 ParOldGen       total 29696K, used 3772K [0x00000000a5800000, 0x00000000a7500000, 0x00000000e1d80000)
  object space 29696K, 12% used [0x00000000a5800000,0x00000000a5baf100,0x00000000a7500000)
 Metaspace       used 21019K, capacity 21334K, committed 21504K, reserved 1069056K
  class space    used 2618K, capacity 2711K, committed 2816K, reserved 1048576K
GC Heap History (10 events):
Event: 58.166 GC heap before
{Heap before GC invocations=5 (full 0):
 PSYoungGen      total 27648K, used 4803K [0x00000000e1d80000, 0x00000000e3c00000, 0x0000000100000000)
  eden space 24064K, 5% used [0x00000000e1d80000,0x00000000e1eb3490,0x00000000e3500000)
  from space 3584K, 99% used [0x00000000e3880000,0x00000000e3bfd8e0,0x00000000e3c00000)
  to   space 3584K, 0% used [0x00000000e3500000,0x00000000e3500000,0x00000000e3880000)
 ParOldGen       total 62976K, used 1624K [0x00000000a5800000, 0x00000000a9580000, 0x00000000e1d80000)
  object space 62976K, 2% used [0x00000000a5800000,0x00000000a5996350,0x00000000a9580000)
 Metaspace       used 20841K, capacity 21130K, committed 21248K, reserved 1067008K
  class space    used 2616K, capacity 2709K, committed 2816K, reserved 1048576K
Event: 58.172 GC heap after
Heap after GC invocations=5 (full 0):
 PSYoungGen      total 27648K, used 3480K [0x00000000e1d80000, 0x00000000e5580000, 0x0000000100000000)
  eden space 24064K, 0% used [0x00000000e1d80000,0x00000000e1d80000,0x00000000e3500000)
  from space 3584K, 97% used [0x00000000e3500000,0x00000000e3866110,0x00000000e3880000)
  to   space 4608K, 0% used [0x00000000e5100000,0x00000000e5100000,0x00000000e5580000)
 ParOldGen       total 62976K, used 1632K [0x00000000a5800000, 0x00000000a9580000, 0x00000000e1d80000)
  object space 62976K, 2% used [0x00000000a5800000,0x00000000a5998350,0x00000000a9580000)
 Metaspace       used 20841K, capacity 21130K, committed 21248K, reserved 1067008K
  class space    used 2616K, capacity 2709K, committed 2816K, reserved 1048576K
}
Event: 58.172 GC heap before
{Heap before GC invocations=6 (full 1):
 PSYoungGen      total 27648K, used 3480K [0x00000000e1d80000, 0x00000000e5580000, 0x0000000100000000)
  eden space 24064K, 0% used [0x00000000e1d80000,0x00000000e1d80000,0x00000000e3500000)
  from space 3584K, 97% used [0x00000000e3500000,0x00000000e3866110,0x00000000e3880000)
  to   space 4608K, 0% used [0x00000000e5100000,0x00000000e5100000,0x00000000e5580000)
 ParOldGen       total 62976K, used 1632K [0x00000000a5800000, 0x00000000a9580000, 0x00000000e1d80000)
  object space 62976K, 2% used [0x00000000a5800000,0x00000000a5998350,0x00000000a9580000)
 Metaspace       used 20841K, capacity 21130K, committed 21248K, reserved 1067008K
  class space    used 2616K, capacity 2709K, committed 2816K, reserved 1048576K
Event: 58.200 GC heap after
Heap after GC invocations=6 (full 1):
 PSYoungGen      total 27648K, used 0K [0x00000000e1d80000, 0x00000000e5580000, 0x0000000100000000)
  eden space 24064K, 0% used [0x00000000e1d80000,0x00000000e1d80000,0x00000000e3500000)
  from space 3584K, 0% used [0x00000000e3500000,0x00000000e3500000,0x00000000e3880000)
  to   space 4608K, 0% used [0x00000000e5100000,0x00000000e5100000,0x00000000e5580000)
 ParOldGen       total 29696K, used 3756K [0x00000000a5800000, 0x00000000a7500000, 0x00000000e1d80000)
  object space 29696K, 12% used [0x00000000a5800000,0x00000000a5bab100,0x00000000a7500000)
 Metaspace       used 20841K, capacity 21130K, committed 21248K, reserved 1067008K
  class space    used 2616K, capacity 2709K, committed 2816K, reserved 1048576K
}
Event: 68.793 GC heap before
{Heap before GC invocations=7 (full 1):
 PSYoungGen      total 27648K, used 24064K [0x00000000e1d80000, 0x00000000e5580000, 0x0000000100000000)
  eden space 24064K, 100% used [0x00000000e1d80000,0x00000000e3500000,0x00000000e3500000)
  from space 3584K, 0% used [0x00000000e3500000,0x00000000e3500000,0x00000000e3880000)
  to   space 4608K, 0% used [0x00000000e5100000,0x00000000e5100000,0x00000000e5580000)
 ParOldGen       total 29696K, used 3756K [0x00000000a5800000, 0x00000000a7500000, 0x00000000e1d80000)
  object space 29696K, 12% used [0x00000000a5800000,0x00000000a5bab100,0x00000000a7500000)
 Metaspace       used 20954K, capacity 21270K, committed 21504K, reserved 1069056K
  class space    used 2618K, capacity 2711K, committed 2816K, reserved 1048576K
Event: 68.800 GC heap after
Heap after GC invocations=7 (full 1):
 PSYoungGen      total 52224K, used 416K [0x00000000e1d80000, 0x00000000e5600000, 0x0000000100000000)
  eden space 47616K, 0% used [0x00000000e1d80000,0x00000000e1d80000,0x00000000e4c00000)
  from space 4608K, 9% used [0x00000000e5100000,0x00000000e5168000,0x00000000e5580000)
  to   space 5120K, 0% used [0x00000000e4c00000,0x00000000e4c00000,0x00000000e5100000)
 ParOldGen       total 29696K, used 3764K [0x00000000a5800000, 0x00000000a7500000, 0x00000000e1d80000)
  object space 29696K, 12% used [0x00000000a5800000,0x00000000a5bad100,0x00000000a7500000)
 Metaspace       used 20954K, capacity 21270K, committed 21504K, reserved 1069056K
  class space    used 2618K, capacity 2711K, committed 2816K, reserved 1048576K
}
Event: 72.752 GC heap before
{Heap before GC invocations=8 (full 1):
 PSYoungGen      total 52224K, used 48032K [0x00000000e1d80000, 0x00000000e5600000, 0x0000000100000000)
  eden space 47616K, 100% used [0x00000000e1d80000,0x00000000e4c00000,0x00000000e4c00000)
  from space 4608K, 9% used [0x00000000e5100000,0x00000000e5168000,0x00000000e5580000)
  to   space 5120K, 0% used [0x00000000e4c00000,0x00000000e4c00000,0x00000000e5100000)
 ParOldGen       total 29696K, used 3764K [0x00000000a5800000, 0x00000000a7500000, 0x00000000e1d80000)
  object space 29696K, 12% used [0x00000000a5800000,0x00000000a5bad100,0x00000000a7500000)
 Metaspace       used 20996K, capacity 21270K, committed 21504K, reserved 1069056K
  class space    used 2618K, capacity 2711K, committed 2816K, reserved 1048576K
Event: 72.756 GC heap after
Heap after GC invocations=8 (full 1):
 PSYoungGen      total 52736K, used 544K [0x00000000e1d80000, 0x00000000e8400000, 0x0000000100000000)
  eden space 47616K, 0% used [0x00000000e1d80000,0x00000000e1d80000,0x00000000e4c00000)
  from space 5120K, 10% used [0x00000000e4c00000,0x00000000e4c88000,0x00000000e5100000)
  to   space 5632K, 0% used [0x00000000e7e80000,0x00000000e7e80000,0x00000000e8400000)
 ParOldGen       total 29696K, used 3772K [0x00000000a5800000, 0x00000000a7500000, 0x00000000e1d80000)
  object space 29696K, 12% used [0x00000000a5800000,0x00000000a5baf100,0x00000000a7500000)
 Metaspace       used 20996K, capacity 21270K, committed 21504K, reserved 1069056K
  class space    used 2618K, capacity 2711K, committed 2816K, reserved 1048576K
}
Event: 76.060 GC heap before
{Heap before GC invocations=9 (full 1):
 PSYoungGen      total 52736K, used 48160K [0x00000000e1d80000, 0x00000000e8400000, 0x0000000100000000)
  eden space 47616K, 100% used [0x00000000e1d80000,0x00000000e4c00000,0x00000000e4c00000)
  from space 5120K, 10% used [0x00000000e4c00000,0x00000000e4c88000,0x00000000e5100000)
  to   space 5632K, 0% used [0x00000000e7e80000,0x00000000e7e80000,0x00000000e8400000)
 ParOldGen       total 29696K, used 3772K [0x00000000a5800000, 0x00000000a7500000, 0x00000000e1d80000)
  object space 29696K, 12% used [0x00000000a5800000,0x00000000a5baf100,0x00000000a7500000)
 Metaspace       used 21019K, capacity 21334K, committed 21504K, reserved 1069056K
  class space    used 2618K, capacity 2711K, committed 2816K, reserved 1048576K
Event: 76.074 GC heap after
Heap after GC invocations=9 (full 1):
 PSYoungGen      total 98304K, used 832K [0x00000000e1d80000, 0x00000000e8380000, 0x0000000100000000)
  eden space 93184K, 0% used [0x00000000e1d80000,0x00000000e1d80000,0x00000000e7880000)
  from space 5120K, 16% used [0x00000000e7e80000,0x00000000e7f50000,0x00000000e8380000)
  to   space 5632K, 0% used [0x00000000e7880000,0x00000000e7880000,0x00000000e7e00000)
 ParOldGen       total 29696K, used 3772K [0x00000000a5800000, 0x00000000a7500000, 0x00000000e1d80000)
  object space 29696K, 12% used [0x00000000a5800000,0x00000000a5baf100,0x00000000a7500000)
 Metaspace       used 21019K, capacity 21334K, committed 21504K, reserved 1069056K
  class space    used 2618K, capacity 2711K, committed 2816K, reserved 1048576K
}

